# JRE version: OpenJDK Runtime Environment (8.0_242-b01) (build 1.8.0_242-release-1644-b01)
# Java VM: OpenJDK 64-Bit Server VM (25.242-b01 mixed mode windows-amd64 compressed oops)
Heap:
 PSYoungGen      total 288256K, used 51447K [0x00000000d5580000, 0x00000000ec400000, 0x0000000100000000)
  eden space 232448K, 22% used [0x00000000d5580000,0x00000000d87bdf90,0x00000000e3880000)
  from space 55808K, 0% used [0x00000000e3880000,0x00000000e3880000,0x00000000e6f00000)
  to   space 53248K, 0% used [0x00000000e9000000,0x00000000e9000000,0x00000000ec400000)
 ParOldGen       total 135680K, used 69106K [0x0000000080000000, 0x0000000088480000, 0x00000000d5580000)
  object space 135680K, 50% used [0x0000000080000000,0x000000008437c860,0x0000000088480000)
 Metaspace       used 91790K, capacity 96213K, committed 97368K, reserved 1132544K
  class space    used 12312K, capacity 13181K, committed 13440K, reserved 1048576K
GC Heap History (10 events):
Event: 13.050 GC heap before
{Heap before GC invocations=17 (full 3):
 PSYoungGen      total 187904K, used 186823K [0x00000000d5580000, 0x00000000e4600000, 0x0000000100000000)
  eden space 169472K, 100% used [0x00000000d5580000,0x00000000dfb00000,0x00000000dfb00000)
  from space 18432K, 94% used [0x00000000dfb00000,0x00000000e0bf1db8,0x00000000e0d00000)
  to   space 20480K, 0% used [0x00000000e3200000,0x00000000e3200000,0x00000000e4600000)
 ParOldGen       total 135680K, used 33120K [0x0000000080000000, 0x0000000088480000, 0x00000000d5580000)
  object space 135680K, 24% used [0x0000000080000000,0x0000000082058290,0x0000000088480000)
 Metaspace       used 73917K, capacity 77707K, committed 77912K, reserved 1116160K
  class space    used 10088K, capacity 10836K, committed 10880K, reserved 1048576K
Event: 13.082 GC heap after
Heap after GC invocations=17 (full 3):
 PSYoungGen      total 221184K, used 20473K [0x00000000d5580000, 0x00000000e4d80000, 0x0000000100000000)
  eden space 200704K, 0% used [0x00000000d5580000,0x00000000d5580000,0x00000000e1980000)
  from space 20480K, 99% used [0x00000000e3200000,0x00000000e45fe568,0x00000000e4600000)
  to   space 25088K, 0% used [0x00000000e1980000,0x00000000e1980000,0x00000000e3200000)
 ParOldGen       total 135680K, used 38310K [0x0000000080000000, 0x0000000088480000, 0x00000000d5580000)
  object space 135680K, 28% used [0x0000000080000000,0x0000000082569bd8,0x0000000088480000)
 Metaspace       used 73917K, capacity 77707K, committed 77912K, reserved 1116160K
  class space    used 10088K, capacity 10836K, committed 10880K, reserved 1048576K
}
Event: 14.130 GC heap before
{Heap before GC invocations=18 (full 3):
 PSYoungGen      total 221184K, used 221177K [0x00000000d5580000, 0x00000000e4d80000, 0x0000000100000000)
  eden space 200704K, 100% used [0x00000000d5580000,0x00000000e1980000,0x00000000e1980000)
  from space 20480K, 99% used [0x00000000e3200000,0x00000000e45fe568,0x00000000e4600000)
  to   space 25088K, 0% used [0x00000000e1980000,0x00000000e1980000,0x00000000e3200000)
 ParOldGen       total 135680K, used 38310K [0x0000000080000000, 0x0000000088480000, 0x00000000d5580000)
  object space 135680K, 28% used [0x0000000080000000,0x0000000082569bd8,0x0000000088480000)
 Metaspace       used 79291K, capacity 83521K, committed 83672K, reserved 1122304K
  class space    used 10881K, capacity 11685K, committed 11776K, reserved 1048576K
Event: 14.172 GC heap after
Heap after GC invocations=18 (full 3):
 PSYoungGen      total 225792K, used 25066K [0x00000000d5580000, 0x00000000e9300000, 0x0000000100000000)
  eden space 200704K, 0% used [0x00000000d5580000,0x00000000d5580000,0x00000000e1980000)
  from space 25088K, 99% used [0x00000000e1980000,0x00000000e31fabb0,0x00000000e3200000)
  to   space 36864K, 0% used [0x00000000e6f00000,0x00000000e6f00000,0x00000000e9300000)
 ParOldGen       total 135680K, used 59808K [0x0000000080000000, 0x0000000088480000, 0x00000000d5580000)
  object space 135680K, 44% used [0x0000000080000000,0x0000000083a68358,0x0000000088480000)
 Metaspace       used 79291K, capacity 83521K, committed 83672K, reserved 1122304K
  class space    used 10881K, capacity 11685K, committed 11776K, reserved 1048576K
}
Event: 16.403 GC heap before
{Heap before GC invocations=19 (full 3):
 PSYoungGen      total 225792K, used 225770K [0x00000000d5580000, 0x00000000e9300000, 0x0000000100000000)
  eden space 200704K, 100% used [0x00000000d5580000,0x00000000e1980000,0x00000000e1980000)
  from space 25088K, 99% used [0x00000000e1980000,0x00000000e31fabb0,0x00000000e3200000)
  to   space 36864K, 0% used [0x00000000e6f00000,0x00000000e6f00000,0x00000000e9300000)
 ParOldGen       total 135680K, used 59808K [0x0000000080000000, 0x0000000088480000, 0x00000000d5580000)
  object space 135680K, 44% used [0x0000000080000000,0x0000000083a68358,0x0000000088480000)
 Metaspace       used 84758K, capacity 89673K, committed 89944K, reserved 1126400K
  class space    used 11711K, capacity 12617K, committed 12672K, reserved 1048576K
Event: 16.470 GC heap after
Heap after GC invocations=19 (full 3):
 PSYoungGen      total 269312K, used 36851K [0x00000000d5580000, 0x00000000ebb80000, 0x0000000100000000)
  eden space 232448K, 0% used [0x00000000d5580000,0x00000000d5580000,0x00000000e3880000)
  from space 36864K, 99% used [0x00000000e6f00000,0x00000000e92fcfa0,0x00000000e9300000)
  to   space 55808K, 0% used [0x00000000e3880000,0x00000000e3880000,0x00000000e6f00000)
 ParOldGen       total 135680K, used 95196K [0x0000000080000000, 0x0000000088480000, 0x00000000d5580000)
  object space 135680K, 70% used [0x0000000080000000,0x0000000085cf7060,0x0000000088480000)
 Metaspace       used 84758K, capacity 89673K, committed 89944K, reserved 1126400K
  class space    used 11711K, capacity 12617K, committed 12672K, reserved 1048576K
}
Event: 35.773 GC heap before
{Heap before GC invocations=20 (full 3):
 PSYoungGen      total 269312K, used 269299K [0x00000000d5580000, 0x00000000ebb80000, 0x0000000100000000)
  eden space 232448K, 100% used [0x00000000d5580000,0x00000000e3880000,0x00000000e3880000)
  from space 36864K, 99% used [0x00000000e6f00000,0x00000000e92fcfa0,0x00000000e9300000)
  to   space 55808K, 0% used [0x00000000e3880000,0x00000000e3880000,0x00000000e6f00000)
 ParOldGen       total 135680K, used 95196K [0x0000000080000000, 0x0000000088480000, 0x00000000d5580000)
  object space 135680K, 70% used [0x0000000080000000,0x0000000085cf7060,0x0000000088480000)
 Metaspace       used 92007K, capacity 97185K, committed 97368K, reserved 1132544K
  class space    used 12434K, capacity 13397K, committed 13440K, reserved 1048576K
Event: 35.810 GC heap after
Heap after GC invocations=20 (full 3):
 PSYoungGen      total 288256K, used 15681K [0x00000000d5580000, 0x00000000ec400000, 0x0000000100000000)
  eden space 232448K, 0% used [0x00000000d5580000,0x00000000d5580000,0x00000000e3880000)
  from space 55808K, 28% used [0x00000000e3880000,0x00000000e47d0548,0x00000000e6f00000)
  to   space 53248K, 0% used [0x00000000e9000000,0x00000000e9000000,0x00000000ec400000)
 ParOldGen       total 135680K, used 111879K [0x0000000080000000, 0x0000000088480000, 0x00000000d5580000)
  object space 135680K, 82% used [0x0000000080000000,0x0000000086d41da8,0x0000000088480000)
 Metaspace       used 92007K, capacity 97185K, committed 97368K, reserved 1132544K
  class space    used 12434K, capacity 13397K, committed 13440K, reserved 1048576K
}
Event: 35.810 GC heap before
{Heap before GC invocations=21 (full 4):
 PSYoungGen      total 288256K, used 15681K [0x00000000d5580000, 0x00000000ec400000, 0x0000000100000000)
  eden space 232448K, 0% used [0x00000000d5580000,0x00000000d5580000,0x00000000e3880000)
  from space 55808K, 28% used [0x00000000e3880000,0x00000000e47d0548,0x00000000e6f00000)
  to   space 53248K, 0% used [0x00000000e9000000,0x00000000e9000000,0x00000000ec400000)
 ParOldGen       total 135680K, used 111879K [0x0000000080000000, 0x0000000088480000, 0x00000000d5580000)
  object space 135680K, 82% used [0x0000000080000000,0x0000000086d41da8,0x0000000088480000)
 Metaspace       used 92007K, capacity 97185K, committed 97368K, reserved 1132544K
  class space    used 12434K, capacity 13397K, committed 13440K, reserved 1048576K
Event: 35.960 GC heap after
Heap after GC invocations=21 (full 4):
 PSYoungGen      total 288256K, used 0K [0x00000000d5580000, 0x00000000ec400000, 0x0000000100000000)
  eden space 232448K, 0% used [0x00000000d5580000,0x00000000d5580000,0x00000000e3880000)
  from space 55808K, 0% used [0x00000000e3880000,0x00000000e3880000,0x00000000e6f00000)
  to   space 53248K, 0% used [0x00000000e9000000,0x00000000e9000000,0x00000000ec400000)
 ParOldGen       total 135680K, used 69106K [0x0000000080000000, 0x0000000088480000, 0x00000000d5580000)
  object space 135680K, 50% used [0x0000000080000000,0x000000008437c860,0x0000000088480000)
 Metaspace       used 91609K, capacity 96049K, committed 97368K, reserved 1132544K
  class space    used 12305K, capacity 13169K, committed 13440K, reserved 1048576K
}

